<?xml version="1.0" encoding="UTF-8"?>
<!-- Generated by org.testng.reporters.JUnitReportReporter -->
<testsuite hostname="DESKTOP-FOKO1P1" failures="0" tests="4" name="qa.testcases.AllUrlWithStatusCodeTest" time="327.284" errors="0" timestamp="2024-06-05T11:56:34 BDT" skipped="0">
  <testcase classname="qa.testcases.AllUrlWithStatusCodeTest" name="totalLinkTest" time="94.312"/>
  <system-out/>
  <testcase classname="qa.testcases.AllUrlWithStatusCodeTest" name="searchUrls" time="104.730"/>
  <system-out/>
  <testcase classname="qa.testcases.AllUrlWithStatusCodeTest" name="testUrlResponseCodes" time="128.236"/>
  <system-out/>
  <testcase classname="qa.testcases.AllUrlWithStatusCodeTest" name="removeDuplicateResponseCodes" time="0.006"/>
  <system-out/>
</testsuite> <!-- qa.testcases.AllUrlWithStatusCodeTest -->
