<?xml version="1.0" encoding="UTF-8"?>
<!-- Generated by org.testng.reporters.JUnitReportReporter -->
<testsuite hostname="DESKTOP-FOKO1P1" failures="0" tests="4" name="qa.testcases.AllUrlWithStatusCodeTest2" time="246.795" errors="0" timestamp="2024-06-05T17:21:47 BDT" skipped="0">
  <testcase classname="qa.testcases.AllUrlWithStatusCodeTest2" name="totalLinkTest" time="47.758"/>
  <system-out/>
  <testcase classname="qa.testcases.AllUrlWithStatusCodeTest2" name="searchUrls" time="63.024"/>
  <system-out/>
  <testcase classname="qa.testcases.AllUrlWithStatusCodeTest2" name="testUrlResponseCodes" time="136.010"/>
  <system-out/>
  <testcase classname="qa.testcases.AllUrlWithStatusCodeTest2" name="removeDuplicateResponseCodes" time="0.003"/>
  <system-out/>
</testsuite> <!-- qa.testcases.AllUrlWithStatusCodeTest2 -->
